<?xml version="1.0" encoding="UTF-8"?>
<testng-results skipped="0" failed="0" ignored="0" total="1" passed="1">
  <reporter-output>
  </reporter-output>
  <suite name="Default Suite" duration-ms="56" started-at="2022-01-26T15:26:12 PST" finished-at="2022-01-26T15:26:12 PST">
    <groups>
    </groups>
    <test name="testng.java" duration-ms="56" started-at="2022-01-26T15:26:12 PST" finished-at="2022-01-26T15:26:12 PST">
      <class name="testng.demo1">
        <test-method status="PASS" signature="testapp()[pri:0, instance:testng.demo1@26653222]" name="testapp" duration-ms="15" started-at="2022-01-26T15:26:12 PST" finished-at="2022-01-26T15:26:12 PST">
          <reporter-output>
          </reporter-output>
        </test-method> <!-- testapp -->
      </class> <!-- testng.demo1 -->
    </test> <!-- testng.java -->
  </suite> <!-- Default Suite -->
</testng-results>
